[19:42:33] [main/INFO] (FabricLoader) Loading for game Minecraft 1.16.3
[19:42:33] [main/INFO] (Fabric|Loader) [FabricLoader] Loading 42 mods: minecraft@1.16.3, fabric-renderer-api-v1@0.3.1+f8ac1db295, fabric-networking-blockentity-v0@0.2.5+b50ffc7b95, fabric-screen-handler-api-v1@1.1.0+8724984195, fabric-keybindings-v0@0.2.0+3fa9f7c595, fabric-command-api-v1@1.0.8+5ce5339895, fabricloader@0.10.5+build.213, fabric-tool-attribute-api-v1@1.2.3+f8ac1db295, fabric-renderer-indigo@0.4.1+f8ac1db295, fabric-structure-api-v1@1.1.0+f8ac1db295, fabric-containers-v0@0.1.8+045df74f95, fabric-object-builder-api-v1@1.8.1+f8ac1db295, fabric-events-interaction-v0@0.4.1+f8ac1db295, fabric-crash-report-info-v1@0.1.2+b7f9825d95, fabric-item-api-v1@1.2.0+f8ac1db295, fabric-game-rule-api-v1@1.0.2+f8ac1db295, friend@1.0.0, fabric-api-base@0.1.3+12a8474c95, fabric-rendering-v0@1.1.1+f8ac1db295, fabric-rendering-v1@1.3.1+f8ac1db295, fabric-key-binding-api-v1@1.0.1+730711c695, fabric-rendering-data-attachment-v1@0.1.4+f8ac1db295, fabric-resource-loader-v0@0.3.1+facf3bbf95, fabric-textures-v0@1.0.4+eae12eb895, fabric-content-registries-v0@0.1.9+059ea86695, fabric-tag-extensions-v0@1.0.3+ac8e8c5995, fabric-biome-api-v1@2.0.0+c29459ab95, fabric-rendering-fluids-v1@0.1.12+f8ac1db295, fabric-registry-sync-v0@0.5.1+f8ac1db295, fabric-commands-v0@0.2.0+52d3083695, fabric-blockrenderlayer-v1@1.1.4+c6a8ea8995, fabric-lifecycle-events-v1@1.2.0+74cc3b2095, fabric-mining-levels-v0@0.1.2+b764ce9995, fabric-renderer-registries-v1@2.2.0+f8ac1db295, fabric-loot-tables-v1@1.0.1+432ea18895, fabric-events-lifecycle-v0@0.2.0+16acbe5b95, fabric@0.22.0+build.408-1.16, fabric-particles-v1@0.2.2+fb0d9b0e95, fabric-models-v0@0.1.1+f8ac1db295, fabric-item-groups-v0@0.2.0+438f963695, fabric-networking-v0@0.1.10+e00ecb5f95, fabric-object-builders-v0@0.7.0+432ea18895
[19:42:33] [main/INFO] (mixin) SpongePowered MIXIN Subsystem Version=0.8.2 Source=file:/C:/Users/coach/.gradle/caches/modules-2/files-2.1/net.fabricmc/sponge-mixin/0.8.2+build.24/e5a741445d0f425bf3cce946c6cf8c7fb8376b2/sponge-mixin-0.8.2+build.24.jar Service=Knot/Fabric Env=CLIENT
[19:42:34] [main/INFO] (Fabric|MixinBootstrap) Loaded Fabric development mappings for mixin remapper!
[19:42:34] [main/INFO] (mixin) Remapping refMap fabric-networking-v0-refmap.json using remapper chain
[19:42:34] [main/INFO] (mixin) Remapping refMap fabric-networking-blockentity-v0-refmap.json using remapper chain
[19:42:34] [main/INFO] (mixin) Remapping refMap fabric-screen-handler-api-v1-refmap.json using remapper chain
[19:42:34] [main/INFO] (mixin) Remapping refMap fabric-lifecycle-events-v1-refmap.json using remapper chain
[19:42:34] [main/INFO] (mixin) Remapping refMap fabric-containers-v0-refmap.json using remapper chain
[19:42:34] [main/INFO] (mixin) Remapping refMap fabric-renderer-indigo-refmap.json using remapper chain
[19:42:34] [main/INFO] (mixin) Remapping refMap fabric-rendering-data-attachment-v1-refmap.json using remapper chain
[19:42:34] [main/INFO] (mixin) Remapping refMap fabric-structure-api-v1-refmap.json using remapper chain
[19:42:34] [main/INFO] (mixin) Remapping refMap fabric-events-interaction-v0-refmap.json using remapper chain
[19:42:34] [main/INFO] (mixin) Remapping refMap fabric-item-api-v1-refmap.json using remapper chain
[19:42:34] [main/INFO] (mixin) Remapping refMap fabric-loot-tables-v1-refmap.json using remapper chain
[19:42:34] [main/INFO] (mixin) Remapping refMap fabric-object-builder-api-v1-refmap.json using remapper chain
[19:42:34] [main/INFO] (mixin) Remapping refMap fabric-renderer-registries-v1-refmap.json using remapper chain
[19:42:34] [main/INFO] (mixin) Remapping refMap fabric-textures-v0-refmap.json using remapper chain
[19:42:34] [main/INFO] (mixin) Remapping refMap fabric-registry-sync-v0-refmap.json using remapper chain
[19:42:34] [main/INFO] (mixin) Remapping refMap fabric-models-v0-refmap.json using remapper chain
[19:42:34] [main/INFO] (mixin) Remapping refMap fabric-blockrenderlayer-v1-refmap.json using remapper chain
[19:42:34] [main/INFO] (mixin) Remapping refMap fabric-renderer-api-v1-refmap.json using remapper chain
[19:42:34] [main/INFO] (mixin) Remapping refMap fabric-containers-v0-refmap.json using remapper chain
[19:42:34] [main/INFO] (mixin) Remapping refMap fabric-rendering-fluids-v1-refmap.json using remapper chain
[19:42:34] [main/INFO] (mixin) Remapping refMap fabric-biome-api-v1-refmap.json using remapper chain
[19:42:34] [main/INFO] (mixin) Remapping refMap fabric-resource-loader-v0-refmap.json using remapper chain
[19:42:34] [main/INFO] (mixin) Remapping refMap fabric-game-rule-api-v1-refmap.json using remapper chain
[19:42:34] [main/INFO] (mixin) Remapping refMap fabric-particles-v1-refmap.json using remapper chain
[19:42:34] [main/INFO] (mixin) Remapping refMap fabric-object-builders-refmap.json using remapper chain
[19:42:34] [main/INFO] (mixin) Remapping refMap fabric-tag-extensions-v0-refmap.json using remapper chain
[19:42:34] [main/INFO] (mixin) Remapping refMap fabric-tool-attribute-api-v1-refmap.json using remapper chain
[19:42:34] [main/INFO] (mixin) Remapping refMap fabric-rendering-v1-refmap.json using remapper chain
[19:42:34] [main/INFO] (mixin) Remapping refMap fabric-item-groups-v0-refmap.json using remapper chain
[19:42:34] [main/INFO] (mixin) Remapping refMap fabric-content-registries-v0-refmap.json using remapper chain
[19:42:34] [main/INFO] (mixin) Remapping refMap fabric-command-api-v1-refmap.json using remapper chain
[19:42:34] [main/INFO] (mixin) Remapping refMap fabric-crash-report-info-v1-refmap.json using remapper chain
[19:42:34] [main/INFO] (mixin) Remapping refMap fabric-key-binding-api-v1-refmap.json using remapper chain
[19:42:34] [main/INFO] (mixin) Re[19:42:41] [main/ERROR] (Minecraft) Failed to load properties from file: server.properties
[19:42:42] [main/WARN] (Minecraft) Failed to load eula.txt
[19:42:42] [main/INFO] (Minecraft) You need to agree to the EULA in order to run the server. Go to eula.txt for more info.
value
[19:42:34] [main/WARN] (mixin) @Mixin target net/minecraft/client/render/block/BlockModelRenderer$AmbientOcclusionCalculator is public in fabric-renderer-indigo.mixins.json:MixinAmbientOcclusionCalculator and should be specified in value
[19:42:34] [main/WARN] (mixin) @Mixin target net/minecraft/client/render/chunk/ChunkBuilder$BuiltChunk$RebuildTask is public in fabric-renderer-indigo.mixins.json:MixinChunkRebuildTask and should be specified in value
[19:42:34] [main/WARN] (mixin) @Mixin target net/minecraft/village/TradeOffers$TypeAwareBuyForOneEmeraldFactory is public in fabric-object-builder-v1.mixins.json:TypeAwareTradeMixin and should be specified in value
[19:42:34] [main/WARN] (mixin) @Mixin target net/minecraft/server/command/GameRuleCommand$1 is public in fabric-game-rule-api-v1.mixins.json:GameRuleCommandVisitorMixin and should be specified in value
[19:42:34] [main/WARN] (mixin) @Mixin target net/minecraft/client/gui/screen/world/EditGameRulesScreen$RuleListWidget$1 is public in fabric-game-rule-api-v1.mixins.json:client.RuleListWidgetVisitorMixin and should be specified in value
[19:42:34] [main/WARN] (mixin) @Mixin target net/minecraft/client/particle/ParticleManager$SimpleSpriteProvider is public in fabric-particles-v1.mixins.json:ParticleManagerAccessor$SimpleSpriteProviderAccessor and should be specified in value
[19:42:34] [main/WARN] (mixin) @Mixin target net/minecraft/tag/Tag$1 is public in fabric-tag-extensions-v0.mixins.json:MixinTagImpl and should be specified in value
[19:42:34] [main/WARN] (mixin) @Mixin target net/minecraft/tag/RequiredTagList$TagWrapper is public in fabric-tag-extensions-v0.mixins.json:MixinTagImpl and should be specified in value
[19:42:45] [main/INFO] (Minecraft) Environment: authHost='https://authserver.mojang.com', accountsHost='https://api.mojang.com', sessionHost='https://sessionserver.mojang.com', name='PROD'
[19:42:45] [main/INFO] (Minecraft) Setting user: Player923
[19:42:45] [main/INFO] (Indigo) [Indigo] Registering Indigo renderer!
[19:42:45] [main/INFO] (Minecraft) Backend library: LWJGL version 3.2.2 build 10
[19:42:49] [main/INFO] (Minecraft) Narrator library for x64 successfully loaded
[19:42:49] [main/INFO] (Minecraft) Reloading ResourceManager: Default, Fabric Renderer API (v1), Fabric Networking Block Entity (v0), Fabric Screen Handler API (v1), Fabric Key Bindings (v0), Fabric Loader, Fabric Tool Attribute API (v1), Fabric Renderer - Indigo, Fabric Containers (v0), Fabric Object Builder API (v1), Fabric Events Interaction (v0), Fabric Crash Report Info (v1), Fabric Item API (v1), Fabric Game Rule API (v1), Friend system, Fabric API Base, Fabric Rendering (v0), Fabric Rendering (v1), Fabric Key Binding API (v1), Fabric Rendering Data Attachment (v1), Fabric Resource Loader (v0), Fabric Textures (v0), Fabric Content Registries (v0), Fabric Tag Extensions (v0), Fabric Biome API (v1), Fabric Rendering Fluids (v1), Fabric Registry Sync (v0), Fabric BlockRenderLayer Registration (v1), Fabric Lifecycle Events (v1), Fabric Mining Levels (v0), Fabric Renderer Registries (v1), Fabric Loot Tables (v1), Fabric Events Lifecycle (v0), Fabric API, Fabric Models (v0), Fabric Item Groups (v0), Fabric Networking (v0), Fabric Object Builders (v0)
[19:42:50] [Realms Notification Availability checker #1/INFO] (Minecraft) Could not authorize you against Realms server: Invalid session id
[19:42:58] [main/INFO] (Minecraft) OpenAL initialized.
[19:42:58] [main/INFO] (Minecraft) Sound engine started
[19:42:58] [main/INFO] (Minecraft) Created: 1024x1024x4 minecraft:textures/atlas/blocks.png-atlas
[19:42:58] [main/INFO] (Minecraft) Created: 256x128x4 minecraft:textures/atlas/signs.png-atlas
[19:42:58] [main/INFO] (Minecraft) Created: 1024x512x4 minecraft:textures/atlas/banner_patterns.png-atlas
[19:42:58] [main/INFO] (Minecraft) Created: 1024x512x4 minecraft:textures/atlas/shield_patterns.png-atlas
[19:42:58] [main/INFO] (Minecraft) Created: 256x256x4 minecraft:textures/atlas/chest.png-atlas
[19:42:58] [main/INFO] (Minecraft) Created: 512x256x4 minecraft:textures/atlas/beds.png-atlas
[19:42:58] [main/INFO] (Minecraft) Created: 512x256x4 minecraft:textures/atlas/shulker_boxes.png-atlas
[19:42:59] [main/INFO] (Minecraft) Created: 256x256x0 minecraft:textures/atlas/particles.png-atlas
[19:42:59] [main/INFO] (Minecraft) Created: 256x256x0 minecraft:textures/atlas/paintings.png-atlas
[19:42:59] [main/INFO] (Minecraft) Created: 256x128x0 minecraft:textures/atlas/mob_effects.png-atlas
