[23:14:22] [main/INFO] (FabricLoader) Loading for game Minecraft 1.16.3
[23:14:22] [main/INFO] (Fabric|Loader) [FabricLoader] Loading 42 mods: minecraft@1.16.3, fabric-screen-handler-api-v1@1.1.0+8724984195, fabric-networking-blockentity-v0@0.2.5+b50ffc7b95, fabric-renderer-api-v1@0.3.1+f8ac1db295, fabric-keybindings-v0@0.2.0+3fa9f7c595, fabric-command-api-v1@1.0.8+5ce5339895, fabricloader@0.10.5+build.213, fabric-tool-attribute-api-v1@1.2.3+f8ac1db295, fabric-renderer-indigo@0.4.1+f8ac1db295, fabric-structure-api-v1@1.1.0+f8ac1db295, fabric-containers-v0@0.1.8+045df74f95, fabric-object-builder-api-v1@1.8.1+f8ac1db295, fabric-events-interaction-v0@0.4.1+f8ac1db295, fabric-crash-report-info-v1@0.1.2+b7f9825d95, fabric-item-api-v1@1.2.0+f8ac1db295, fabric-game-rule-api-v1@1.0.2+f8ac1db295, friend@1.0.0, fabric-api-base@0.1.3+12a8474c95, fabric-rendering-v0@1.1.1+f8ac1db295, fabric-rendering-v1@1.3.1+f8ac1db295, fabric-key-binding-api-v1@1.0.1+730711c695, fabric-rendering-data-attachment-v1@0.1.4+f8ac1db295, fabric-resource-loader-v0@0.3.1+facf3bbf95, fabric-textures-v0@1.0.4+eae12eb895, fabric-content-registries-v0@0.1.9+059ea86695, fabric-tag-extensions-v0@1.0.3+ac8e8c5995, fabric-biome-api-v1@2.0.0+c29459ab95, fabric-rendering-fluids-v1@0.1.12+f8ac1db295, fabric-registry-sync-v0@0.5.1+f8ac1db295, fabric-commands-v0@0.2.0+52d3083695, fabric-blockrenderlayer-v1@1.1.4+c6a8ea8995, fabric-lifecycle-events-v1@1.2.0+74cc3b2095, fabric-mining-levels-v0@0.1.2+b764ce9995, fabric-renderer-registries-v1@2.2.0+f8ac1db295, fabric-loot-tables-v1@1.0.1+432ea18895, fabric-events-lifecycle-v0@0.2.0+16acbe5b95, fabric@0.22.0+build.408-1.16, fabric-particles-v1@0.2.2+fb0d9b0e95, fabric-models-v0@0.1.1+f8ac1db295, fabric-item-groups-v0@0.2.0+438f963695, fabric-networking-v0@0.1.10+e00ecb5f95, fabric-object-builders-v0@0.7.0+432ea18895
[23:14:23] [main/INFO] (mixin) SpongePowered MIXIN Subsystem Version=0.8.2 Source=file:/C:/Users/coach/.gradle/caches/modules-2/files-2.1/net.fabricmc/sponge-mixin/0.8.2+build.24/e5a741445d0f425bf3cce946c6cf8c7fb8376b2/sponge-mixin-0.8.2+build.24.jar Service=Knot/Fabric Env=SERVER
[23:14:23] [main/INFO] (Fabric|MixinBootstrap) Loaded Fabric development mappings for mixin remapper!
[23:14:24] [main/INFO] (mixin) Remapping refMap fabric-networking-v0-refmap.json using remapper chain
[23:14:24] [main/INFO] (mixin) Remapping refMap fabric-networking-blockentity-v0-refmap.json using remapper chain
[23:14:24] [main/INFO] (mixin) Remapping refMap fabric-screen-handler-api-v1-refmap.json using remapper chain
[23:14:24] [main/INFO] (mixin) Remapping refMap fabric-lifecycle-events-v1-refmap.json using remapper chain
[23:14:24] [main/INFO] (mixin) Remapping refMap fabric-containers-v0-refmap.json using remapper chain
[23:14:24] [main/INFO] (mixin) Remapping refMap fabric-rendering-data-attachment-v1-refmap.json using remapper chain
[23:14:24] [main/INFO] (mixin) Remapping refMap fabric-structure-api-v1-refmap.json using remapper chain
[23:14:24] [main/INFO] (mixin) Remapping refMap fabric-events-interaction-v0-refmap.json using remapper chain
[23:14:24] [main/INFO] (mixin) Remapping refMap fabric-item-api-v1-refmap.json using remapper chain
[23:14:24] [main/INFO] (mixin) Remapping refMap fabric-loot-tables-v1-refmap.json using remapper chain
[23:14:24] [main/INFO] (mixin) Remapping refMap fabric-object-builder-api-v1-refmap.json using remapper chain
[23:14:24] [main/INFO] (mixin) Remapping refMap fabric-registry-sync-v0-refmap.json using remapper chain
[23:14:24] [main/INFO] (mixin) Remapping refMap fabric-containers-v0-refmap.json using remapper chain
[23:14:24] [main/INFO] (mixin) Remapping refMap fabric-biome-api-v1-refmap.json using remapper chain
[23:14:24] [main/INFO] (mixin) Remapping refMap fabric-resource-loader-v0-refmap.json using remapper chain
[23:14:24] [main/INFO] (mixin) Remapping refMap fabric-game-rule-api-v1-refmap.json using remapper chain
[23:14:24] [main/INFO] (mixin) Remapping refMap fabric-particles-v1-refmap.json using remapper chain
[23:14:24] [main/INFO] (mixin) Remapping refMap fabric-object-builders-refmap.json using remapper chain
[23:14:24] [main/INFO] (mixin) Remapping refMap fabric-tag-extensions-v0-refmap.json using remapper chain
[23:14:24] [main/INFO] (mixin) Remapping refMap fabric-tool-attribute-api-v1-refmap.json using remapper chain
[23:14:24] [main/INFO] (mixin) Remapping refMap fabric-item-groups-v0-refmap.json using remapper chain
[23:14:24] [main/INFO] (mixin) Remapping refMap fabric-content-registries-v0-refmap.json using remapper chain
[23:14:24] [main/INFO] (mixin) Remapping refMap fabric-command-api-v1-refmap.json using remapper chain
[23:14:24] [main/INFO] (mixin) Remapping refMap fabric-crash-report-info-v1-refmap.json using remapper chain
[23:14:24] [main/WARN] (mixin) @Mixin target net/minecraft/server/world/ThreadedAnvilChunkStorage$EntityTracker is public in fabric-networking-v0.mixins.json:MixinEntityTracker and should be specified in value
[23:14:24] [main/WARN] (mixin) @Mixin target net/minecraft/village/TradeOffers$TypeAwareBuyForOneEmeraldFactory is public in fabric-object-builder-v1.mixins.json:TypeAwareTradeMixin and should be specified in value
[23:14:24] [main/WARN] (mixin) @Mixin target net/minecraft/server/command/GameRuleCommand$1 is public in fabric-game-rule-api-v1.mixins.json:GameRuleCommandVisitorMixin and should be specified in value
[23:14:24] [main/WARN] (mixin) @Mixin target net/minecraft/tag/Tag$1 is public in fabric-tag-extensions-v0.mixins.json:MixinTagImpl and should be specified in value
[23:14:24] [main/WARN] (mixin) @Mixin target net/minecraft/tag/RequiredTagList$TagWrapper is public in fabric-tag-extensions-v0.mixins.json:MixinTagImpl and should be specified in value
[23:14:32] [main/INFO] (Minecraft) Environment: authHost='https://authserver.mojang.com', accountsHost='https://api.mojang.com', sessionHost='https://sessionserver.mojang.com', name='PROD'
[23:14:33] [main/WARN] (Minecraft) Ambiguity between arguments [teleport, destination] and [teleport, targets] with inputs: [Player, 0123, @e, dd12be42-52a9-4a91-a8a1-11c01849e498]
[23:14:33] [main/WARN] (Minecraft) Ambiguity between arguments [teleport, location] and [teleport, destination] with inputs: [0.1 -0.5 .9, 0 0 0]
[23:14:33] [main/WARN] (Minecraft) Ambiguity between arguments [teleport, location] and [teleport, targets] with inputs: [0.1 -0.5 .9, 0 0 0]
[23:14:33] [main/WARN] (Minecraft) Ambiguity between arguments [teleport, targets] and [teleport, destination] with inputs: [Player, 0123, dd12be42-52a9-4a91-a8a1-11c01849e498]
[23:14:33] [main/WARN] (Minecraft) Ambiguity between arguments [teleport, targets, location] and [teleport, targets, destination] with inputs: [0.1 -0.5 .9, 0 0 0]
[23:14:33] [main/INFO] (Minecraft) Reloading ResourceManager: Default, Fabric Tool Attribute API (v1)
[23:14:35] [Worker-Main-14/INFO] (Minecraft) Loaded 7 recipes
[23:14:35] [Worker-Main-14/INFO] (Minecraft) Loaded 927 advancements
[23:14:37] [Server thread/INFO] (Minecraft) Starting minecraft server version 1.16.3
[23:14:37] [Server thread/INFO] (Minecraft) Loading properties
[23:14:37] [Server thread/INFO] (Minecraft) Default game type: SURVIVAL
[23:14:37] [Server thread/INFO] (Minecraft) Generating keypair
[23:14:37] [Server thread/INFO] (Minecraft) Starting Minecraft server on *:25565
[23:14:37] [Server thread/INFO] (Minecraft) Using default channel type
[23:14:38] [Server thread/WARN] (Minecraft) **** SERVER IS RUNNING IN OFFLINE/INSECURE MODE!
[23:14:38] [Server thread/WARN] (Minecraft) The server will make no attempt to authenticate usernames. Beware.
[23:14:38] [Server thread/WARN] (Minecraft) While this makes the game possible to play without internet access, it also opens up the ability for hackers to connect with any username they choose.
[23:14:38] [Server thread/WARN] (Minecraft) To change this, set "online-mode" to "true" in the server.properties file.
[23:14:38] [Server thread/INFO] (Minecraft) Preparing level "world"
[23:14:38] [Server thread/INFO] (Minecraft) Preparing start region for dimension minecraft:overworld
[23:14:40] [Server thread/INFO] (Minecraft) Preparing spawn area: 0%
[23:14:40] [Server thread/INFO] (Minecraft) Preparing spawn area: 0%
[23:14:40] [Server thread/INFO] (Minecraft) Preparing spawn area: 0%
[23:14:40] [Server thread/INFO] (Minecraft) Preparing spawn area: 0%
[23:14:45] [Worker-Main-9/INFO] (Minecraft) Preparing spawn area: 83%
[23:14:45] [Worker-Main-12/INFO] (Minecraft) Preparing spawn area: 83%
[23:14:45] [Worker-Main-8/INFO] (Minecraft) Preparing spawn area: 83%
[23:14:45] [Worker-Main-12/INFO] (Minecraft) Preparing spawn area: 83%
[23:14:45] [Worker-Main-8/INFO] (Minecraft) Preparing spawn area: 83%
[23:14:45] [Worker-Main-10/INFO] (Minecraft) Preparing spawn area: 83%
[23:14:45] [Worker-Main-9/INFO] (Minecraft) Preparing spawn area: 83%
[23:14:45] [Worker-Main-8/INFO] (Minecraft) Preparing spawn area: 83%
[23:14:45] [Worker-Main-8/INFO] (Minecraft) Preparing spawn area: 83%
[23:14:45] [Worker-Main-8/INFO] (Minecraft) Preparing spawn area: 83%
[23:14:45] [Server thread/INFO] (Minecraft) Preparing spawn area: 83%
[23:14:46] [Worker-Main-11/INFO] (Minecraft) Preparing spawn area: 99%
[23:14:46] [Server thread/INFO] (Minecraft) Time elapsed: 7625 ms
[23:14:46] [Server thread/INFO] (Minecraft) Done (8.020s)! For help, type "help"
[23:14:46] [Server thread/INFO] (Minecraft) Player357[/127.0.0.1:51318] logged in with entity id 181 at (-191.5, 76.0, 166.5)
[23:14:46] [Server thread/INFO] (Minecraft) Player357 joined the game
[23:14:46] [Server thread/INFO] (Minecraft) [STDOUT]: Player connected
[23:14:46] [Server thread/INFO] (Minecraft) [STDOUT]: Created new list for 4ed99654-4a5a-39dd-9f7c-459b50aa79a5
[23:14:54] [Server thread/INFO] (Minecraft) Player357 lost connection: Disconnected
[23:14:54] [Server thread/INFO] (Minecraft) Player357 left the game
[23:14:54] [Server thread/INFO] (Minecraft) [STDOUT]: TextComponent{text='Player357', siblings=[], style=Style{ color=null, bold=null, italic=null, underlined=null, strikethrough=null, obfuscated=null, clickEvent=null, hoverEvent=null, insertion=null, font=minecraft:default}}
[23:16:16] [Server thread/INFO] (Minecraft) Stopping server
[23:16:16] [Server thread/INFO] (Minecraft) Saving players
[23:16:16] [Server thread/INFO] (Minecraft) Saving worlds
[23:16:16] [Server thread/INFO] (Minecraft) Saving chunks for level 'ServerLevel[world]'/minecraft:overworld
[23:16:17] [Server thread/INFO] (Minecraft) ThreadedAnvilChunkStorage (world): All chunks are saved
[23:16:17] [Server thread/INFO] (Minecraft) Saving chunks for level 'ServerLevel[world]'/minecraft:the_nether
[23:16:17] [Server thread/INFO] (Minecraft) ThreadedAnvilChunkStorage (DIM-1): All chunks are saved
[23:16:17] [Server thread/INFO] (Minecraft) Saving chunks for level 'ServerLevel[world]'/minecraft:the_end
[23:16:17] [Server thread/INFO] (Minecraft) ThreadedAnvilChunkStorage (DIM1): All chunks are saved
[23:16:17] [Server thread/INFO] (Minecraft) ThreadedAnvilChunkStorage (world): All chunks are saved
[23:16:17] [Server thread/INFO] (Minecraft) ThreadedAnvilChunkStorage (DIM-1): All chunks are saved
[23:16:17] [Server thread/INFO] (Minecraft) ThreadedAnvilChunkStorage (DIM1): All chunks are saved
